mode: set
github.com/tys-muta/go-ers/error.go:62.65,68.2 1 1
github.com/tys-muta/go-ers/error.go:70.34,79.2 2 1
github.com/tys-muta/go-ers/error.go:81.54,90.52 3 1
github.com/tys-muta/go-ers/error.go:93.2,93.20 1 1
github.com/tys-muta/go-ers/error.go:96.2,96.10 1 1
github.com/tys-muta/go-ers/error.go:90.52,92.3 1 0
github.com/tys-muta/go-ers/error.go:93.20,95.3 1 1
github.com/tys-muta/go-ers/error.go:99.39,101.2 1 1
github.com/tys-muta/go-ers/error.go:103.45,105.2 1 0
github.com/tys-muta/go-ers/error.go:107.32,109.2 1 1
github.com/tys-muta/go-ers/error.go:111.39,112.84 1 1
github.com/tys-muta/go-ers/error.go:115.2,115.14 1 1
github.com/tys-muta/go-ers/error.go:112.84,114.3 1 1
github.com/tys-muta/go-ers/error.go:118.45,119.37 1 0
github.com/tys-muta/go-ers/error.go:128.2,128.14 1 0
github.com/tys-muta/go-ers/error.go:119.37,127.3 7 0
github.com/tys-muta/go-ers/error.go:131.52,133.2 1 0
github.com/tys-muta/go-ers/error.go:135.61,139.2 3 0
github.com/tys-muta/go-ers/error.go:141.32,142.20 1 0
github.com/tys-muta/go-ers/error.go:145.2,145.29 1 0
github.com/tys-muta/go-ers/error.go:142.20,144.3 1 0
github.com/tys-muta/go-ers/error.go:148.50,151.2 2 0
github.com/tys-muta/go-ers/error.go:153.45,163.2 3 0
github.com/tys-muta/go-ers/error.go:165.35,166.20 1 0
github.com/tys-muta/go-ers/error.go:174.2,174.15 1 0
github.com/tys-muta/go-ers/error.go:166.20,167.72 1 0
github.com/tys-muta/go-ers/error.go:170.3,170.62 1 0
github.com/tys-muta/go-ers/error.go:167.72,169.4 1 0
github.com/tys-muta/go-ers/error.go:170.62,172.4 1 0
github.com/tys-muta/go-ers/error.go:177.34,178.21 1 0
github.com/tys-muta/go-ers/error.go:181.2,181.20 1 0
github.com/tys-muta/go-ers/error.go:222.2,222.11 1 0
github.com/tys-muta/go-ers/error.go:178.21,180.3 1 0
github.com/tys-muta/go-ers/error.go:181.20,182.61 1 0
github.com/tys-muta/go-ers/error.go:185.3,185.72 1 0
github.com/tys-muta/go-ers/error.go:182.61,184.4 1 0
github.com/tys-muta/go-ers/error.go:185.72,186.35 1 0
github.com/tys-muta/go-ers/error.go:187.24,188.31 1 0
github.com/tys-muta/go-ers/error.go:189.23,190.30 1 0
github.com/tys-muta/go-ers/error.go:191.31,192.38 1 0
github.com/tys-muta/go-ers/error.go:193.32,194.39 1 0
github.com/tys-muta/go-ers/error.go:195.24,196.31 1 0
github.com/tys-muta/go-ers/error.go:197.29,198.36 1 0
github.com/tys-muta/go-ers/error.go:199.32,200.38 1 0
github.com/tys-muta/go-ers/error.go:201.33,202.40 1 0
github.com/tys-muta/go-ers/error.go:203.34,204.41 1 0
github.com/tys-muta/go-ers/error.go:205.23,206.30 1 0
github.com/tys-muta/go-ers/error.go:207.26,208.33 1 0
github.com/tys-muta/go-ers/error.go:209.29,210.36 1 0
github.com/tys-muta/go-ers/error.go:211.24,212.31 1 0
github.com/tys-muta/go-ers/error.go:213.27,214.34 1 0
github.com/tys-muta/go-ers/error.go:215.24,216.31 1 0
github.com/tys-muta/go-ers/error.go:217.31,218.38 1 0
github.com/tys-muta/go-ers/error.go:225.33,226.20 1 0
github.com/tys-muta/go-ers/error.go:229.2,229.20 1 0
github.com/tys-muta/go-ers/error.go:234.2,234.11 1 0
github.com/tys-muta/go-ers/error.go:226.20,228.3 1 0
github.com/tys-muta/go-ers/error.go:229.20,230.60 1 0
github.com/tys-muta/go-ers/error.go:230.60,232.4 1 0
github.com/tys-muta/go-ers/error.go:237.33,238.20 1 0
github.com/tys-muta/go-ers/error.go:241.2,241.20 1 0
github.com/tys-muta/go-ers/error.go:246.2,246.11 1 0
github.com/tys-muta/go-ers/error.go:238.20,240.3 1 0
github.com/tys-muta/go-ers/error.go:241.20,242.60 1 0
github.com/tys-muta/go-ers/error.go:242.60,244.4 1 0
github.com/tys-muta/go-ers/trace.go:20.31,21.25 1 1
github.com/tys-muta/go-ers/trace.go:35.2,35.45 1 1
github.com/tys-muta/go-ers/trace.go:22.14,23.25 1 1
github.com/tys-muta/go-ers/trace.go:24.14,25.33 1 0
github.com/tys-muta/go-ers/trace.go:26.13,27.33 1 0
github.com/tys-muta/go-ers/trace.go:28.14,29.15 1 1
github.com/tys-muta/go-ers/trace.go:32.13,33.12 1 1
github.com/tys-muta/go-ers/trace.go:29.15,31.4 1 1
github.com/tys-muta/go-ers/trace.go:38.31,40.21 2 0
github.com/tys-muta/go-ers/trace.go:51.2,51.34 1 0
github.com/tys-muta/go-ers/trace.go:40.21,50.3 2 0
