mode: set
github.com/tys-muta/go-ers/error.go:62.65,68.2 1 1
github.com/tys-muta/go-ers/error.go:70.34,79.2 2 1
github.com/tys-muta/go-ers/error.go:81.54,90.52 3 1
github.com/tys-muta/go-ers/error.go:93.2,93.20 1 1
github.com/tys-muta/go-ers/error.go:96.2,96.10 1 1
github.com/tys-muta/go-ers/error.go:90.52,92.3 1 0
github.com/tys-muta/go-ers/error.go:93.20,95.3 1 1
github.com/tys-muta/go-ers/error.go:99.39,101.2 1 1
github.com/tys-muta/go-ers/error.go:103.45,105.2 1 0
github.com/tys-muta/go-ers/error.go:107.32,109.2 1 1
github.com/tys-muta/go-ers/error.go:111.39,112.84 1 1
github.com/tys-muta/go-ers/error.go:115.2,115.14 1 1
github.com/tys-muta/go-ers/error.go:112.84,114.3 1 1
github.com/tys-muta/go-ers/error.go:118.45,119.37 1 0
github.com/tys-muta/go-ers/error.go:128.2,128.14 1 0
github.com/tys-muta/go-ers/error.go:119.37,127.3 7 0
github.com/tys-muta/go-ers/error.go:131.52,133.2 1 0
github.com/tys-muta/go-ers/error.go:135.61,136.20 1 0
github.com/tys-muta/go-ers/error.go:139.2,140.16 2 0
github.com/tys-muta/go-ers/error.go:136.20,138.3 1 0
github.com/tys-muta/go-ers/error.go:143.32,144.20 1 0
github.com/tys-muta/go-ers/error.go:147.2,147.29 1 0
github.com/tys-muta/go-ers/error.go:144.20,146.3 1 0
github.com/tys-muta/go-ers/error.go:150.50,153.2 2 0
github.com/tys-muta/go-ers/error.go:155.45,165.2 3 0
github.com/tys-muta/go-ers/error.go:167.35,168.20 1 0
github.com/tys-muta/go-ers/error.go:176.2,176.15 1 0
github.com/tys-muta/go-ers/error.go:168.20,169.72 1 0
github.com/tys-muta/go-ers/error.go:172.3,172.62 1 0
github.com/tys-muta/go-ers/error.go:169.72,171.4 1 0
github.com/tys-muta/go-ers/error.go:172.62,174.4 1 0
github.com/tys-muta/go-ers/error.go:179.34,180.21 1 0
github.com/tys-muta/go-ers/error.go:183.2,183.20 1 0
github.com/tys-muta/go-ers/error.go:224.2,224.11 1 0
github.com/tys-muta/go-ers/error.go:180.21,182.3 1 0
github.com/tys-muta/go-ers/error.go:183.20,184.61 1 0
github.com/tys-muta/go-ers/error.go:187.3,187.72 1 0
github.com/tys-muta/go-ers/error.go:184.61,186.4 1 0
github.com/tys-muta/go-ers/error.go:187.72,188.35 1 0
github.com/tys-muta/go-ers/error.go:189.24,190.31 1 0
github.com/tys-muta/go-ers/error.go:191.23,192.30 1 0
github.com/tys-muta/go-ers/error.go:193.31,194.38 1 0
github.com/tys-muta/go-ers/error.go:195.32,196.39 1 0
github.com/tys-muta/go-ers/error.go:197.24,198.31 1 0
github.com/tys-muta/go-ers/error.go:199.29,200.36 1 0
github.com/tys-muta/go-ers/error.go:201.32,202.38 1 0
github.com/tys-muta/go-ers/error.go:203.33,204.40 1 0
github.com/tys-muta/go-ers/error.go:205.34,206.41 1 0
github.com/tys-muta/go-ers/error.go:207.23,208.30 1 0
github.com/tys-muta/go-ers/error.go:209.26,210.33 1 0
github.com/tys-muta/go-ers/error.go:211.29,212.36 1 0
github.com/tys-muta/go-ers/error.go:213.24,214.31 1 0
github.com/tys-muta/go-ers/error.go:215.27,216.34 1 0
github.com/tys-muta/go-ers/error.go:217.24,218.31 1 0
github.com/tys-muta/go-ers/error.go:219.31,220.38 1 0
github.com/tys-muta/go-ers/error.go:227.33,228.20 1 0
github.com/tys-muta/go-ers/error.go:231.2,231.20 1 0
github.com/tys-muta/go-ers/error.go:236.2,236.11 1 0
github.com/tys-muta/go-ers/error.go:228.20,230.3 1 0
github.com/tys-muta/go-ers/error.go:231.20,232.60 1 0
github.com/tys-muta/go-ers/error.go:232.60,234.4 1 0
github.com/tys-muta/go-ers/error.go:239.33,240.20 1 0
github.com/tys-muta/go-ers/error.go:243.2,243.20 1 0
github.com/tys-muta/go-ers/error.go:248.2,248.11 1 0
github.com/tys-muta/go-ers/error.go:240.20,242.3 1 0
github.com/tys-muta/go-ers/error.go:243.20,244.60 1 0
github.com/tys-muta/go-ers/error.go:244.60,246.4 1 0
github.com/tys-muta/go-ers/trace.go:20.31,21.25 1 1
github.com/tys-muta/go-ers/trace.go:35.2,35.45 1 1
github.com/tys-muta/go-ers/trace.go:22.14,23.25 1 1
github.com/tys-muta/go-ers/trace.go:24.14,25.33 1 0
github.com/tys-muta/go-ers/trace.go:26.13,27.33 1 0
github.com/tys-muta/go-ers/trace.go:28.14,29.15 1 1
github.com/tys-muta/go-ers/trace.go:32.13,33.12 1 1
github.com/tys-muta/go-ers/trace.go:29.15,31.4 1 1
github.com/tys-muta/go-ers/trace.go:38.31,40.21 2 0
github.com/tys-muta/go-ers/trace.go:51.2,51.34 1 0
github.com/tys-muta/go-ers/trace.go:40.21,50.3 2 0
